<?xml version="1.0" encoding="UTF-8"?>
<testng-results skipped="0" failed="0" ignored="0" total="2" passed="2">
  <reporter-output>
  </reporter-output>
  <suite name="Google" duration-ms="10094" started-at="2021-10-26T07:30:27 UTC" finished-at="2021-10-26T07:30:37 UTC">
    <groups>
    </groups>
    <test name="Test" duration-ms="10094" started-at="2021-10-26T07:30:27 UTC" finished-at="2021-10-26T07:30:37 UTC">
      <class name="test.LoginTest">
        <test-method status="PASS" signature="setup()[pri:0, instance:test.LoginTest@53f65459]" name="setup" is-config="true" duration-ms="1655" started-at="2021-10-26T07:30:27 UTC" finished-at="2021-10-26T07:30:28 UTC">
          <reporter-output>
          </reporter-output>
        </test-method> <!-- setup -->
        <test-method status="PASS" signature="NegativeLogin(java.lang.String,java.lang.String)[pri:0, instance:test.LoginTest@53f65459]" name="NegativeLogin" duration-ms="4667" started-at="2021-10-26T07:30:28 UTC" finished-at="2021-10-26T07:30:33 UTC">
          <params>
            <param index="0">
              <value>
                <![CDATA[Abc@gmail.com]]>
              </value>
            </param>
            <param index="1">
              <value>
                <![CDATA[Abcde123@]]>
              </value>
            </param>
          </params>
          <reporter-output>
          </reporter-output>
        </test-method> <!-- NegativeLogin -->
        <test-method status="PASS" signature="teardown()[pri:0, instance:test.LoginTest@53f65459]" name="teardown" is-config="true" duration-ms="71" started-at="2021-10-26T07:30:33 UTC" finished-at="2021-10-26T07:30:33 UTC">
          <reporter-output>
          </reporter-output>
        </test-method> <!-- teardown -->
        <test-method status="PASS" signature="setup()[pri:0, instance:test.LoginTest@53f65459]" name="setup" is-config="true" duration-ms="1480" started-at="2021-10-26T07:30:33 UTC" finished-at="2021-10-26T07:30:34 UTC">
          <reporter-output>
          </reporter-output>
        </test-method> <!-- setup -->
        <test-method status="PASS" signature="PositiveLogin(java.lang.String,java.lang.String)[pri:0, instance:test.LoginTest@53f65459]" name="PositiveLogin" duration-ms="2094" started-at="2021-10-26T07:30:34 UTC" finished-at="2021-10-26T07:30:37 UTC">
          <params>
            <param index="0">
              <value>
                <![CDATA[Abc@gmail.com]]>
              </value>
            </param>
            <param index="1">
              <value>
                <![CDATA[Abcde123@]]>
              </value>
            </param>
          </params>
          <reporter-output>
          </reporter-output>
        </test-method> <!-- PositiveLogin -->
        <test-method status="PASS" signature="teardown()[pri:0, instance:test.LoginTest@53f65459]" name="teardown" is-config="true" duration-ms="71" started-at="2021-10-26T07:30:37 UTC" finished-at="2021-10-26T07:30:37 UTC">
          <reporter-output>
          </reporter-output>
        </test-method> <!-- teardown -->
      </class> <!-- test.LoginTest -->
    </test> <!-- Test -->
  </suite> <!-- Google -->
</testng-results>
