<?xml version="1.0" encoding="UTF-8"?>
<testng-results skipped="0" failed="0" ignored="0" total="2" passed="2">
  <reporter-output>
  </reporter-output>
  <suite name="Google" duration-ms="9121" started-at="2021-10-28T06:54:54 UTC" finished-at="2021-10-28T06:55:03 UTC">
    <groups>
    </groups>
    <test name="Test" duration-ms="9121" started-at="2021-10-28T06:54:54 UTC" finished-at="2021-10-28T06:55:03 UTC">
      <class name="test.LoginTest">
        <test-method status="PASS" signature="ReportSetup()[pri:0, instance:test.LoginTest@42f93a98]" name="ReportSetup" is-config="true" duration-ms="153" started-at="2021-10-28T06:54:54 UTC" finished-at="2021-10-28T06:54:55 UTC">
          <reporter-output>
          </reporter-output>
        </test-method> <!-- ReportSetup -->
        <test-method status="PASS" signature="setup()[pri:0, instance:test.LoginTest@42f93a98]" name="setup" is-config="true" duration-ms="1609" started-at="2021-10-28T06:54:55 UTC" finished-at="2021-10-28T06:54:56 UTC">
          <reporter-output>
          </reporter-output>
        </test-method> <!-- setup -->
        <test-method status="PASS" signature="NegativeLogin(java.lang.String,java.lang.String)[pri:0, instance:test.LoginTest@42f93a98]" name="NegativeLogin" duration-ms="3353" started-at="2021-10-28T06:54:56 UTC" finished-at="2021-10-28T06:54:59 UTC">
          <params>
            <param index="0">
              <value>
                <![CDATA[Abc@gmail.com]]>
              </value>
            </param>
            <param index="1">
              <value>
                <![CDATA[Abcde123@]]>
              </value>
            </param>
          </params>
          <reporter-output>
          </reporter-output>
        </test-method> <!-- NegativeLogin -->
        <test-method status="PASS" signature="teardown()[pri:0, instance:test.LoginTest@42f93a98]" name="teardown" is-config="true" duration-ms="70" started-at="2021-10-28T06:54:59 UTC" finished-at="2021-10-28T06:55:00 UTC">
          <reporter-output>
          </reporter-output>
        </test-method> <!-- teardown -->
        <test-method status="PASS" signature="setup()[pri:0, instance:test.LoginTest@42f93a98]" name="setup" is-config="true" duration-ms="1349" started-at="2021-10-28T06:55:00 UTC" finished-at="2021-10-28T06:55:01 UTC">
          <reporter-output>
          </reporter-output>
        </test-method> <!-- setup -->
        <test-method status="PASS" signature="PositiveLogin(java.lang.String,java.lang.String)[pri:0, instance:test.LoginTest@42f93a98]" name="PositiveLogin" duration-ms="2202" started-at="2021-10-28T06:55:01 UTC" finished-at="2021-10-28T06:55:03 UTC">
          <params>
            <param index="0">
              <value>
                <![CDATA[Abc@gmail.com]]>
              </value>
            </param>
            <param index="1">
              <value>
                <![CDATA[Abcde123@]]>
              </value>
            </param>
          </params>
          <reporter-output>
          </reporter-output>
        </test-method> <!-- PositiveLogin -->
        <test-method status="PASS" signature="teardown()[pri:0, instance:test.LoginTest@42f93a98]" name="teardown" is-config="true" duration-ms="73" started-at="2021-10-28T06:55:03 UTC" finished-at="2021-10-28T06:55:03 UTC">
          <reporter-output>
          </reporter-output>
        </test-method> <!-- teardown -->
        <test-method status="PASS" signature="ReportTeardown()[pri:0, instance:test.LoginTest@42f93a98]" name="ReportTeardown" is-config="true" duration-ms="282" started-at="2021-10-28T06:55:03 UTC" finished-at="2021-10-28T06:55:03 UTC">
          <reporter-output>
          </reporter-output>
        </test-method> <!-- ReportTeardown -->
      </class> <!-- test.LoginTest -->
    </test> <!-- Test -->
  </suite> <!-- Google -->
</testng-results>
